  main.cpp
c:\users\marko\onedrive\desktop\load-balancer_13\load_balancer\loadbalancer\threadfuncs.h(87): warning C4267: 'initializing': conversion from 'size_t' to 'int', possible loss of data
c:\users\marko\onedrive\desktop\load-balancer_13\load_balancer\loadbalancer\threadfuncs.h(115): warning C4477: 'printf' : format string '%d' requires an argument of type 'int', but variadic argument 1 has type 'size_t'
  c:\users\marko\onedrive\desktop\load-balancer_13\load_balancer\loadbalancer\threadfuncs.h(115): note: consider using '%zd' in the format string
c:\users\marko\onedrive\desktop\load-balancer_13\load_balancer\loadbalancer\threadfuncs.h(210): warning C4244: 'argument': conversion from 'SOCKET' to 'int', possible loss of data
c:\users\marko\onedrive\desktop\load-balancer_13\load_balancer\loadbalancer\threadfuncs.h(247): warning C4477: 'printf' : format string '%d' requires an argument of type 'int', but variadic argument 1 has type 'SOCKET'
  c:\users\marko\onedrive\desktop\load-balancer_13\load_balancer\loadbalancer\threadfuncs.h(247): note: consider using '%lld' in the format string
  c:\users\marko\onedrive\desktop\load-balancer_13\load_balancer\loadbalancer\threadfuncs.h(247): note: consider using '%Id' in the format string
  c:\users\marko\onedrive\desktop\load-balancer_13\load_balancer\loadbalancer\threadfuncs.h(247): note: consider using '%I64d' in the format string
c:\users\marko\onedrive\desktop\load-balancer_13\load_balancer\loadbalancer\threadfuncs.h(345): warning C4244: 'argument': conversion from 'SOCKET' to 'int', possible loss of data
c:\users\marko\onedrive\desktop\load-balancer_13\load_balancer\loadbalancer\threadfuncs.h(456): warning C4477: 'printf' : format string '%d' requires an argument of type 'int', but variadic argument 5 has type 'SOCKET'
  c:\users\marko\onedrive\desktop\load-balancer_13\load_balancer\loadbalancer\threadfuncs.h(456): note: consider using '%lld' in the format string
  c:\users\marko\onedrive\desktop\load-balancer_13\load_balancer\loadbalancer\threadfuncs.h(456): note: consider using '%Id' in the format string
  c:\users\marko\onedrive\desktop\load-balancer_13\load_balancer\loadbalancer\threadfuncs.h(456): note: consider using '%I64d' in the format string
c:\users\marko\onedrive\desktop\load-balancer_13\load_balancer\loadbalancer\threadfuncs.h(467): warning C4101: 'recvbuf': unreferenced local variable
c:\users\marko\onedrive\desktop\load-balancer_13\load_balancer\loadbalancer\main.cpp(137): error C4996: 'strcpy': This function or variable may be unsafe. Consider using strcpy_s instead. To disable deprecation, use _CRT_SECURE_NO_WARNINGS. See online help for details.
  c:\program files (x86)\windows kits\10\include\10.0.17763.0\ucrt\string.h(133): note: see declaration of 'strcpy'
c:\users\marko\onedrive\desktop\load-balancer_13\load_balancer\loadbalancer\main.cpp(173): error C4996: 'strcpy': This function or variable may be unsafe. Consider using strcpy_s instead. To disable deprecation, use _CRT_SECURE_NO_WARNINGS. See online help for details.
  c:\program files (x86)\windows kits\10\include\10.0.17763.0\ucrt\string.h(133): note: see declaration of 'strcpy'
c:\users\marko\onedrive\desktop\load-balancer_13\load_balancer\loadbalancer\main.cpp(137): error C4996: 'inet_ntoa': Use inet_ntop() or InetNtop() instead or define _WINSOCK_DEPRECATED_NO_WARNINGS to disable deprecated API warnings
  c:\program files (x86)\windows kits\10\include\10.0.17763.0\um\winsock2.h(1849): note: see declaration of 'inet_ntoa'
c:\users\marko\onedrive\desktop\load-balancer_13\load_balancer\loadbalancer\main.cpp(173): error C4996: 'inet_ntoa': Use inet_ntop() or InetNtop() instead or define _WINSOCK_DEPRECATED_NO_WARNINGS to disable deprecated API warnings
  c:\program files (x86)\windows kits\10\include\10.0.17763.0\um\winsock2.h(1849): note: see declaration of 'inet_ntoa'
c:\users\marko\onedrive\desktop\load-balancer_13\load_balancer\loadbalancer\main.cpp(69): warning C4101: 'recvbuf': unreferenced local variable
c:\users\marko\onedrive\desktop\load-balancer_13\load_balancer\loadbalancer\main.cpp(70): warning C4101: 'sendbuf': unreferenced local variable
